<?xml version="1.0" encoding="UTF-8"?>
<testsuite xmlns:xsi="http://www.w3.org/2001/XMLSchema-instance" xsi:noNamespaceSchemaLocation="https://maven.apache.org/surefire/maven-surefire-plugin/xsd/surefire-test-report-3.0.xsd" version="3.0" name="com.willadalton.springbatch.batch.PersonSyncScenariosTest" time="3.132" tests="6" errors="0" skipped="0" failures="0">
  <properties>
[...]
</properties>
  <testcase name="shouldNotCreateDuplicateWhenSameActivePersonAlreadyExists" classname="com.willadalton.springbatch.batch.PersonSyncScenariosTest" time="1.236">
    <system-out><![CDATA[07:59:10.372 [main] INFO org.springframework.test.context.support.AnnotationConfigContextLoaderUtils -- Could not detect default configuration classes for test class [com.willadalton.springbatch.batch.PersonSyncScenariosTest]: PersonSyncScenariosTest does not declare any static, non-private, non-final, nested classes annotated with @Configuration.
07:59:10.482 [main] INFO org.springframework.boot.test.context.SpringBootTestContextBootstrapper -- Found @SpringBootConfiguration com.willadalton.springbatch.SpringbatchApplication for test class com.willadalton.springbatch.batch.PersonSyncScenariosTest

  .   ____          _            __ _ _
 /\\ / ___'_ __ _ _(_)_ __  __ _ \ \ \ \
( ( )\___ | '_ | '_| | '_ \/ _` | \ \ \ \
 \\/  ___)| |_)| | | | | || (_| |  ) ) ) )
  '  |____| .__|_| |_|_| |_\__, | / / / /
 =========|_|==============|___/=/_/_/_/

 :: Spring Boot ::                (v3.3.2)

2026-07-02T07:59:10.940Z  INFO 4279 --- [           main] c.w.s.batch.PersonSyncScenariosTest      : Starting PersonSyncScenariosTest using Java 17.0.19 with PID 4279 (started by runner in /home/runner/work/springbatch/springbatch)
2026-07-02T07:59:10.942Z  INFO 4279 --- [           main] c.w.s.batch.PersonSyncScenariosTest      : No active profile set, falling back to 1 default profile: "default"
2026-07-02T07:59:11.334Z  INFO 4279 --- [           main] beddedDataSourceBeanFactoryPostProcessor : Replacing 'dataSource' DataSource bean with embedded version
2026-07-02T07:59:11.480Z  INFO 4279 --- [           main] o.s.j.d.e.EmbeddedDatabaseFactory        : Starting embedded database: url='jdbc:h2:mem:6c8742f9-1fa3-4d46-a8f5-f53f8fc5da40;DB_CLOSE_DELAY=-1;DB_CLOSE_ON_EXIT=false', username='sa'
2026-07-02T07:59:11.877Z  INFO 4279 --- [           main] c.w.s.batch.PersonSyncScenariosTest      : Started PersonSyncScenariosTest in 1.348 seconds (process running for 2.499)
]]></system-out>
  </testcase>
  <testcase name="shouldCreateActiveRowWhenOnlyHistoricalRowExistsInSameCompany" classname="com.willadalton.springbatch.batch.PersonSyncScenariosTest" time="0.007"/>
  <testcase name="shouldCloseActiveRowWhenPersonMissingFromFile" classname="com.willadalton.springbatch.batch.PersonSyncScenariosTest" time="0.131"/>
  <testcase name="shouldHandleSamePersonTwiceInTwoCompaniesWhenOneActiveAlreadyExists" classname="com.willadalton.springbatch.batch.PersonSyncScenariosTest" time="0.007"/>
  <testcase name="shouldCreateRowForNonExistingPerson" classname="com.willadalton.springbatch.batch.PersonSyncScenariosTest" time="0.005"/>
  <testcase name="shouldCreateNewRowWhenActivePersonExistsInDifferentCompany" classname="com.willadalton.springbatch.batch.PersonSyncScenariosTest" time="0.008"/>
</testsuite>